<?xml version="1.0" encoding="UTF-8"?>
<testsuite xmlns:xsi="http://www.w3.org/2001/XMLSchema-instance" xsi:noNamespaceSchemaLocation="https://maven.apache.org/surefire/maven-surefire-plugin/xsd/surefire-test-report-3.0.xsd" version="3.0" name="org.example.employeetrackerv2.service.LeaveServiceImplTest" time="0.053" tests="5" errors="0" skipped="0" failures="0">
  <properties>
[...]
</properties>
  <testcase name="testAddLeave" classname="org.example.employeetrackerv2.service.LeaveServiceImplTest" time="0.045"/>
  <testcase name="testFindLeaveById" classname="org.example.employeetrackerv2.service.LeaveServiceImplTest" time="0.001"/>
  <testcase name="testUpdateLeaveStatus" classname="org.example.employeetrackerv2.service.LeaveServiceImplTest" time="0.002"/>
  <testcase name="testAddLeaveHistory" classname="org.example.employeetrackerv2.service.LeaveServiceImplTest" time="0.001"/>
  <testcase name="testGetAllLeaves" classname="org.example.employeetrackerv2.service.LeaveServiceImplTest" time="0.001"/>
</testsuite>